<?xml version="1.0" encoding="UTF-8"?>
<coverage generated="1745435291544" clover="3.2.0">
  <project timestamp="1745435291544" name="All files">
    <metrics statements="39" coveredstatements="39" conditionals="8" coveredconditionals="6" methods="7" coveredmethods="7" elements="54" coveredelements="52" complexity="0" loc="39" ncloc="39" packages="1" files="1" classes="1"/>
    <file name="index.ts" path="/home/runner/workspace/packages/crdt/src/index.ts">
      <metrics statements="39" coveredstatements="39" conditionals="8" coveredconditionals="6" methods="7" coveredmethods="7"/>
      <line num="1" count="1" type="stmt"/>
      <line num="15" count="1" type="stmt"/>
      <line num="16" count="17" type="stmt"/>
      <line num="19" count="17" type="stmt"/>
      <line num="22" count="17" type="stmt"/>
      <line num="25" count="17" type="stmt"/>
      <line num="26" count="17" type="stmt"/>
      <line num="27" count="17" type="stmt"/>
      <line num="29" count="17" type="stmt"/>
      <line num="37" count="17" type="stmt"/>
      <line num="38" count="17" type="stmt"/>
      <line num="39" count="119" type="stmt"/>
      <line num="40" count="119" type="stmt"/>
      <line num="41" count="119" type="stmt"/>
      <line num="43" count="17" type="stmt"/>
      <line num="51" count="1" type="stmt"/>
      <line num="52" count="11" type="stmt"/>
      <line num="53" count="11" type="stmt"/>
      <line num="55" count="11" type="stmt"/>
      <line num="67" count="1" type="stmt"/>
      <line num="69" count="10" type="cond" truecount="1" falsecount="0"/>
      <line num="70" count="6" type="stmt"/>
      <line num="71" count="6" type="stmt"/>
      <line num="72" count="6" type="stmt"/>
      <line num="76" count="10" type="stmt"/>
      <line num="77" count="10" type="cond" truecount="1" falsecount="0"/>
      <line num="78" count="4" type="stmt"/>
      <line num="80" count="10" type="cond" truecount="2" falsecount="0"/>
      <line num="81" count="4" type="stmt"/>
      <line num="84" count="6" type="stmt"/>
      <line num="93" count="1" type="stmt"/>
      <line num="94" count="7" type="stmt"/>
      <line num="95" count="7" type="stmt"/>
      <line num="103" count="1" type="stmt"/>
      <line num="104" count="10" type="stmt"/>
      <line num="105" count="10" type="stmt"/>
      <line num="114" count="1" type="stmt"/>
      <line num="115" count="1" type="stmt"/>
      <line num="116" count="1" type="stmt"/>
    </file>
  </project>
</coverage>
