{"/home/runner/workspace/packages/crdt/src/index.ts": {"path":"/home/runner/workspace/packages/crdt/src/index.ts","statementMap":{"0":{"start":{"line":15,"column":0},"end":{"line":15,"column":16}},"1":{"start":{"line":51,"column":0},"end":{"line":51,"column":16}},"2":{"start":{"line":67,"column":0},"end":{"line":67,"column":16}},"3":{"start":{"line":93,"column":0},"end":{"line":93,"column":16}},"4":{"start":{"line":103,"column":0},"end":{"line":103,"column":16}},"5":{"start":{"line":114,"column":0},"end":{"line":114,"column":16}},"6":{"start":{"line":1,"column":0},"end":{"line":1,"column":25}},"7":{"start":{"line":16,"column":14},"end":{"line":16,"column":25}},"8":{"start":{"line":19,"column":2},"end":{"line":19,"column":44}},"9":{"start":{"line":22,"column":20},"end":{"line":22,"column":40}},"10":{"start":{"line":25,"column":19},"end":{"line":25,"column":41}},"11":{"start":{"line":26,"column":2},"end":{"line":26,"column":36}},"12":{"start":{"line":27,"column":2},"end":{"line":27,"column":57}},"13":{"start":{"line":29,"column":2},"end":{"line":29,"column":13}},"14":{"start":{"line":37,"column":13},"end":{"line":37,"column":14}},"15":{"start":{"line":38,"column":2},"end":{"line":42,"column":3}},"16":{"start":{"line":38,"column":15},"end":{"line":38,"column":16}},"17":{"start":{"line":39,"column":17},"end":{"line":39,"column":39}},"18":{"start":{"line":40,"column":4},"end":{"line":40,"column":39}},"19":{"start":{"line":41,"column":4},"end":{"line":41,"column":23}},"20":{"start":{"line":43,"column":2},"end":{"line":43,"column":24}},"21":{"start":{"line":52,"column":20},"end":{"line":52,"column":40}},"22":{"start":{"line":53,"column":19},"end":{"line":53,"column":41}},"23":{"start":{"line":55,"column":2},"end":{"line":59,"column":4}},"24":{"start":{"line":69,"column":2},"end":{"line":73,"column":3}},"25":{"start":{"line":70,"column":22},"end":{"line":70,"column":42}},"26":{"start":{"line":71,"column":4},"end":{"line":71,"column":42}},"27":{"start":{"line":72,"column":4},"end":{"line":72,"column":36}},"28":{"start":{"line":76,"column":19},"end":{"line":76,"column":41}},"29":{"start":{"line":77,"column":2},"end":{"line":79,"column":3}},"30":{"start":{"line":78,"column":4},"end":{"line":78,"column":40}},"31":{"start":{"line":80,"column":2},"end":{"line":85,"column":3}},"32":{"start":{"line":81,"column":4},"end":{"line":81,"column":52}},"33":{"start":{"line":84,"column":4},"end":{"line":84,"column":59}},"34":{"start":{"line":94,"column":17},"end":{"line":94,"column":43}},"35":{"start":{"line":95,"column":2},"end":{"line":95,"column":48}},"36":{"start":{"line":104,"column":17},"end":{"line":104,"column":52}},"37":{"start":{"line":105,"column":2},"end":{"line":105,"column":29}},"38":{"start":{"line":115,"column":2},"end":{"line":115,"column":40}},"39":{"start":{"line":116,"column":2},"end":{"line":116,"column":30}}},"fnMap":{"0":{"name":"createParcelDoc","decl":{"start":{"line":15,"column":16},"end":{"line":15,"column":31}},"loc":{"start":{"line":15,"column":48},"end":{"line":30,"column":1}}},"1":{"name":"generateClientId","decl":{"start":{"line":36,"column":9},"end":{"line":36,"column":25}},"loc":{"start":{"line":36,"column":42},"end":{"line":44,"column":1}}},"2":{"name":"getParcelNoteData","decl":{"start":{"line":51,"column":16},"end":{"line":51,"column":33}},"loc":{"start":{"line":51,"column":44},"end":{"line":60,"column":1}}},"3":{"name":"updateParcelNoteData","decl":{"start":{"line":67,"column":16},"end":{"line":67,"column":36}},"loc":{"start":{"line":67,"column":74},"end":{"line":86,"column":1}}},"4":{"name":"encodeDocUpdate","decl":{"start":{"line":93,"column":16},"end":{"line":93,"column":31}},"loc":{"start":{"line":93,"column":42},"end":{"line":96,"column":1}}},"5":{"name":"applyEncodedUpdate","decl":{"start":{"line":103,"column":16},"end":{"line":103,"column":34}},"loc":{"start":{"line":103,"column":67},"end":{"line":106,"column":1}}},"6":{"name":"mergeUpdates","decl":{"start":{"line":114,"column":16},"end":{"line":114,"column":28}},"loc":{"start":{"line":114,"column":61},"end":{"line":117,"column":1}}}},"branchMap":{"0":{"loc":{"start":{"line":57,"column":12},"end":{"line":57,"column":57}},"type":"binary-expr","locations":[{"start":{"line":57,"column":12},"end":{"line":57,"column":44}},{"start":{"line":57,"column":48},"end":{"line":57,"column":57}}]},"1":{"loc":{"start":{"line":58,"column":18},"end":{"line":58,"column":84}},"type":"binary-expr","locations":[{"start":{"line":58,"column":18},"end":{"line":58,"column":56}},{"start":{"line":58,"column":60},"end":{"line":58,"column":84}}]},"2":{"loc":{"start":{"line":69,"column":2},"end":{"line":73,"column":3}},"type":"if","locations":[{"start":{"line":69,"column":2},"end":{"line":73,"column":3}}]},"3":{"loc":{"start":{"line":77,"column":2},"end":{"line":79,"column":3}},"type":"if","locations":[{"start":{"line":77,"column":2},"end":{"line":79,"column":3}}]},"4":{"loc":{"start":{"line":80,"column":2},"end":{"line":85,"column":3}},"type":"if","locations":[{"start":{"line":80,"column":2},"end":{"line":85,"column":3}},{"start":{"line":82,"column":9},"end":{"line":85,"column":3}}]}},"s":{"0":1,"1":1,"2":1,"3":1,"4":1,"5":1,"6":1,"7":17,"8":17,"9":17,"10":17,"11":17,"12":17,"13":17,"14":17,"15":17,"16":17,"17":119,"18":119,"19":119,"20":17,"21":11,"22":11,"23":11,"24":10,"25":6,"26":6,"27":6,"28":10,"29":10,"30":4,"31":10,"32":4,"33":6,"34":7,"35":7,"36":10,"37":10,"38":1,"39":1},"f":{"0":17,"1":17,"2":11,"3":10,"4":7,"5":10,"6":1},"b":{"0":[11,0],"1":[11,0],"2":[6],"3":[4],"4":[4,6]}}
}
