TN:
SF:src/index.ts
FN:15,createParcelDoc
FN:36,generateClientId
FN:51,getParcelNoteData
FN:67,updateParcelNoteData
FN:93,encodeDocUpdate
FN:103,applyEncodedUpdate
FN:114,mergeUpdates
FNF:7
FNH:7
FNDA:17,createParcelDoc
FNDA:17,generateClientId
FNDA:11,getParcelNoteData
FNDA:10,updateParcelNoteData
FNDA:7,encodeDocUpdate
FNDA:10,applyEncodedUpdate
FNDA:1,mergeUpdates
DA:1,1
DA:15,1
DA:16,17
DA:19,17
DA:22,17
DA:25,17
DA:26,17
DA:27,17
DA:29,17
DA:37,17
DA:38,17
DA:39,119
DA:40,119
DA:41,119
DA:43,17
DA:51,1
DA:52,11
DA:53,11
DA:55,11
DA:67,1
DA:69,10
DA:70,6
DA:71,6
DA:72,6
DA:76,10
DA:77,10
DA:78,4
DA:80,10
DA:81,4
DA:84,6
DA:93,1
DA:94,7
DA:95,7
DA:103,1
DA:104,10
DA:105,10
DA:114,1
DA:115,1
DA:116,1
LF:39
LH:39
BRDA:57,0,0,11
BRDA:57,0,1,0
BRDA:58,1,0,11
BRDA:58,1,1,0
BRDA:69,2,0,6
BRDA:77,3,0,4
BRDA:80,4,0,4
BRDA:80,4,1,6
BRF:8
BRH:6
end_of_record
